  pch.cpp
  BlendState.cpp
  Component.cpp
  ConstantBuffer.cpp
  Game.cpp
  GameCoding.cpp
  GameObject.cpp
  Geometry.cpp
  GeometryHelper.cpp
  Graphics.cpp
  IndexBuffer.cpp
  InputLayout.cpp
D:\DirecX11\DX11_Projects\GameCoding\DX11_Study\GameCoding\InputLayout.cpp(18,53): warning C4267: '인수': 'size_t'에서 'UINT'(으)로 변환하면서 데이터가 손실될 수 있습니다.
  MonoBehavior.cpp
  Pipeline.cpp
  RasterizerState.cpp
  SamplerState.cpp
  Shader.cpp
  SimpleMath.cpp
  Texture.cpp
  Transform.cpp
D:\DirecX11\DX11_Projects\GameCoding\DX11_Study\GameCoding\Transform.cpp(33,23): warning C4244: '=': 'double'에서 'float'(으)로 변환하면서 데이터가 손실될 수 있습니다.
D:\DirecX11\DX11_Projects\GameCoding\DX11_Study\GameCoding\Transform.cpp(38,40): warning C4244: '=': 'double'에서 'float'(으)로 변환하면서 데이터가 손실될 수 있습니다.
D:\DirecX11\DX11_Projects\GameCoding\DX11_Study\GameCoding\Transform.cpp(43,23): warning C4244: '=': 'double'에서 'float'(으)로 변환하면서 데이터가 손실될 수 있습니다.
  VertexBuffer.cpp
  코드를 생성하고 있습니다...
  컴파일하고 있습니다...
  VertexData.cpp
  코드를 생성하고 있습니다...
DirectXTex_debug.lib(DirectXTexImage.obj) : warning LNK4099: '' PDB를 'DirectXTex_debug.lib(DirectXTexImage.obj)' 또는 ''에서 찾을 수 없습니다. 디버그 정보가 없는 것처럼 개체를 링크합니다.
DirectXTex_debug.lib(DirectXTexWIC.obj) : warning LNK4099: '' PDB를 'DirectXTex_debug.lib(DirectXTexWIC.obj)' 또는 ''에서 찾을 수 없습니다. 디버그 정보가 없는 것처럼 개체를 링크합니다.
DirectXTex_debug.lib(DirectXTexD3D11.obj) : warning LNK4099: '' PDB를 'DirectXTex_debug.lib(DirectXTexD3D11.obj)' 또는 ''에서 찾을 수 없습니다. 디버그 정보가 없는 것처럼 개체를 링크합니다.
DirectXTex_debug.lib(DirectXTexUtil.obj) : warning LNK4099: '' PDB를 'DirectXTex_debug.lib(DirectXTexUtil.obj)' 또는 ''에서 찾을 수 없습니다. 디버그 정보가 없는 것처럼 개체를 링크합니다.
DirectXTex_debug.lib(DirectXTexConvert.obj) : warning LNK4099: '' PDB를 'DirectXTex_debug.lib(DirectXTexConvert.obj)' 또는 ''에서 찾을 수 없습니다. 디버그 정보가 없는 것처럼 개체를 링크합니다.
DirectXTex_debug.lib(DirectXTexMipMaps.obj) : warning LNK4099: '' PDB를 'DirectXTex_debug.lib(DirectXTexMipMaps.obj)' 또는 ''에서 찾을 수 없습니다. 디버그 정보가 없는 것처럼 개체를 링크합니다.
DirectXTex_debug.lib(DirectXTexCompress.obj) : warning LNK4099: '' PDB를 'DirectXTex_debug.lib(DirectXTexCompress.obj)' 또는 ''에서 찾을 수 없습니다. 디버그 정보가 없는 것처럼 개체를 링크합니다.
DirectXTex_debug.lib(BC.obj) : warning LNK4099: '' PDB를 'DirectXTex_debug.lib(BC.obj)' 또는 ''에서 찾을 수 없습니다. 디버그 정보가 없는 것처럼 개체를 링크합니다.
DirectXTex_debug.lib(BC4BC5.obj) : warning LNK4099: '' PDB를 'DirectXTex_debug.lib(BC4BC5.obj)' 또는 ''에서 찾을 수 없습니다. 디버그 정보가 없는 것처럼 개체를 링크합니다.
DirectXTex_debug.lib(BC6HBC7.obj) : warning LNK4099: '' PDB를 'DirectXTex_debug.lib(BC6HBC7.obj)' 또는 ''에서 찾을 수 없습니다. 디버그 정보가 없는 것처럼 개체를 링크합니다.
  GameCoding.vcxproj -> D:\DirecX11\DX11_Projects\GameCoding\DX11_Study\Binaries\GameCoding.exe
